<?xml version="1.0" encoding="UTF-8"?>
<testsuite xmlns:xsi="http://www.w3.org/2001/XMLSchema-instance" xsi:noNamespaceSchemaLocation="https://maven.apache.org/surefire/maven-surefire-plugin/xsd/surefire-test-report-3.0.xsd" version="3.0" name="bankaccount.SavingsAccountTest" time="0.055" tests="4" errors="0" skipped="0" failures="1">
  <properties>
[...]
</properties>
  <testcase name="monthlyUpdateAddsCorrectInterest" classname="bankaccount.SavingsAccountTest" time="0.031"/>
  <testcase name="monthlyInterestPrecisionTest" classname="bankaccount.SavingsAccountTest" time="0.006">
    <failure message="Balance should reflect precise interest calculation ==&gt; expected: &lt;0&gt; but was: &lt;1&gt;" type="org.opentest4j.AssertionFailedError"><![CDATA[org.opentest4j.AssertionFailedError: Balance should reflect precise interest calculation ==> expected: <0> but was: <1>
	at org.junit.jupiter.api.AssertionFailureBuilder.build(AssertionFailureBuilder.java:151)
	at org.junit.jupiter.api.AssertionFailureBuilder.buildAndThrow(AssertionFailureBuilder.java:132)
	at org.junit.jupiter.api.AssertEquals.failNotEqual(AssertEquals.java:197)
	at org.junit.jupiter.api.AssertEquals.assertEquals(AssertEquals.java:150)
	at org.junit.jupiter.api.Assertions.assertEquals(Assertions.java:563)
	at bankaccount.SavingsAccountTest.monthlyInterestPrecisionTest(SavingsAccountTest.java:72)
	at java.base/java.lang.reflect.Method.invoke(Method.java:569)
	at java.base/java.util.ArrayList.forEach(ArrayList.java:1511)
	at java.base/java.util.ArrayList.forEach(ArrayList.java:1511)
]]></failure>
  </testcase>
  <testcase name="constructorStoresRoundedInterestRate" classname="bankaccount.SavingsAccountTest" time="0.003"/>
  <testcase name="constructorRejectsNegativeInterestRate" classname="bankaccount.SavingsAccountTest" time="0.001"/>
</testsuite>